<?xml version="1.0" encoding="UTF-8"?>
<!-- Generated by org.testng.reporters.JUnitXMLReporter -->
<testsuite ignored="0" hostname="DESKTOP-6RR0I9J" failures="0" tests="8" name="Default test" time="22.79" errors="0" timestamp="04 Apr 2022 16:14:45 GMT">
  <testcase classname="com.qc.test.LoginTest2" name="doLogin" time="0.234"/>
  <testcase classname="com.qc.test.LoginTest2" name="doLogin" time="0.199"/>
  <testcase classname="com.qc.test.LoginTest2" name="doLogin" time="0.231"/>
  <testcase classname="com.qc.test.LoginTest2" name="doLogin" time="0.214"/>
  <testcase classname="com.qc.test.LoginTest2" name="doLogin" time="0.236"/>
  <testcase classname="com.qc.test.LoginTest2" name="doLogin" time="0.203"/>
  <testcase classname="com.qc.test.LoginTest2" name="doLogin" time="3.019"/>
  <testcase classname="com.qc.test.LoginTest2" name="doLogin" time="0.201"/>
</testsuite> <!-- Default test -->
