<?xml version="1.0" encoding="UTF-8"?>
<!-- Generated by org.testng.reporters.JUnitXMLReporter -->
<testsuite ignored="0" hostname="DESKTOP-6RR0I9J" failures="0" tests="14" name="Test" time="40.478" errors="0" timestamp="2022-04-05T12:51:23 IST">
  <testcase classname="com.qc.test.Registration" name="doRegister" time="0.486"/>
  <testcase classname="com.qc.test.Registration" name="doRegister" time="0.535"/>
  <testcase classname="com.qc.test.Registration" name="doRegister" time="0.454"/>
  <testcase classname="com.qc.test.Registration" name="doRegister" time="0.547"/>
  <testcase classname="com.qc.test.Registration" name="doRegister" time="0.465"/>
  <testcase classname="com.qc.test.Registration" name="doRegister" time="0.433"/>
  <testcase classname="com.qc.test.LoginTest2" name="doLogin" time="0.223"/>
  <testcase classname="com.qc.test.LoginTest2" name="doLogin" time="0.405"/>
  <testcase classname="com.qc.test.LoginTest2" name="doLogin" time="0.238"/>
  <testcase classname="com.qc.test.LoginTest2" name="doLogin" time="0.232"/>
  <testcase classname="com.qc.test.LoginTest2" name="doLogin" time="0.331"/>
  <testcase classname="com.qc.test.LoginTest2" name="doLogin" time="0.212"/>
  <testcase classname="com.qc.test.LoginTest2" name="doLogin" time="1.393"/>
  <testcase classname="com.qc.test.LoginTest2" name="doLogin" time="0.24"/>
</testsuite> <!-- Test -->
